2021-10-06 12:53:42 [main] INFO  DataBaseTestConfig:14 - Create DB connection
2021-10-06 12:53:44 [main] INFO  DataBaseTestConfig:24 - Closing DB connection
2021-10-06 12:53:44 [main] INFO  DataBaseConfig:13 - Create DB connection
2021-10-06 12:53:44 [main] INFO  DataBaseConfig:45 - Closing Result Set
2021-10-06 12:53:44 [main] INFO  DataBaseConfig:34 - Closing Prepared Statement
2021-10-06 12:53:44 [main] INFO  DataBaseConfig:23 - Closing DB connection
2021-10-06 12:53:44 [main] INFO  DataBaseConfig:13 - Create DB connection
2021-10-06 12:53:44 [main] INFO  DataBaseConfig:45 - Closing Result Set
2021-10-06 12:53:44 [main] INFO  DataBaseConfig:34 - Closing Prepared Statement
2021-10-06 12:53:44 [main] INFO  DataBaseConfig:23 - Closing DB connection
2021-10-06 12:53:44 [main] INFO  DataBaseConfig:13 - Create DB connection
2021-10-06 12:53:44 [main] INFO  DataBaseConfig:45 - Closing Result Set
2021-10-06 12:53:44 [main] INFO  DataBaseConfig:34 - Closing Prepared Statement
2021-10-06 12:53:44 [main] INFO  DataBaseConfig:23 - Closing DB connection
2021-10-06 12:53:44 [main] INFO  DataBaseConfig:13 - Create DB connection
2021-10-06 12:53:44 [main] INFO  DataBaseConfig:45 - Closing Result Set
2021-10-06 12:53:44 [main] INFO  DataBaseConfig:34 - Closing Prepared Statement
2021-10-06 12:53:44 [main] INFO  DataBaseConfig:23 - Closing DB connection
2021-10-06 13:03:26 [main] INFO  DataBaseTestConfig:14 - Create DB connection
2021-10-06 13:03:30 [main] INFO  DataBaseTestConfig:24 - Closing DB connection
2021-10-06 13:03:30 [main] INFO  DataBaseConfig:13 - Create DB connection
2021-10-06 13:03:30 [main] INFO  DataBaseConfig:45 - Closing Result Set
2021-10-06 13:03:30 [main] INFO  DataBaseConfig:34 - Closing Prepared Statement
2021-10-06 13:03:30 [main] INFO  DataBaseConfig:23 - Closing DB connection
2021-10-06 13:03:30 [main] INFO  DataBaseConfig:13 - Create DB connection
2021-10-06 13:03:30 [main] INFO  DataBaseConfig:45 - Closing Result Set
2021-10-06 13:03:30 [main] INFO  DataBaseConfig:34 - Closing Prepared Statement
2021-10-06 13:03:30 [main] INFO  DataBaseConfig:23 - Closing DB connection
2021-10-06 13:03:30 [main] INFO  DataBaseConfig:13 - Create DB connection
2021-10-06 13:03:30 [main] INFO  DataBaseConfig:45 - Closing Result Set
2021-10-06 13:03:30 [main] INFO  DataBaseConfig:34 - Closing Prepared Statement
2021-10-06 13:03:30 [main] INFO  DataBaseConfig:23 - Closing DB connection
2021-10-06 13:03:30 [main] INFO  DataBaseConfig:13 - Create DB connection
2021-10-06 13:03:30 [main] INFO  DataBaseConfig:45 - Closing Result Set
2021-10-06 13:03:30 [main] INFO  DataBaseConfig:34 - Closing Prepared Statement
2021-10-06 13:03:30 [main] INFO  DataBaseConfig:23 - Closing DB connection
2021-10-08 13:00:41 [main] INFO  DataBaseTestConfig:14 - Create DB connection
2021-10-08 13:00:46 [main] INFO  DataBaseTestConfig:24 - Closing DB connection
2021-10-08 13:00:46 [main] INFO  DataBaseConfig:13 - Create DB connection
2021-10-08 13:00:46 [main] INFO  DataBaseConfig:45 - Closing Result Set
2021-10-08 13:00:46 [main] INFO  DataBaseConfig:34 - Closing Prepared Statement
2021-10-08 13:00:46 [main] INFO  DataBaseConfig:23 - Closing DB connection
2021-10-08 13:00:46 [main] INFO  DataBaseConfig:13 - Create DB connection
2021-10-08 13:00:46 [main] INFO  DataBaseConfig:45 - Closing Result Set
2021-10-08 13:00:46 [main] INFO  DataBaseConfig:34 - Closing Prepared Statement
2021-10-08 13:00:46 [main] INFO  DataBaseConfig:23 - Closing DB connection
2021-10-08 13:00:46 [main] INFO  DataBaseConfig:13 - Create DB connection
2021-10-08 13:00:46 [main] INFO  DataBaseConfig:45 - Closing Result Set
2021-10-08 13:00:46 [main] INFO  DataBaseConfig:34 - Closing Prepared Statement
2021-10-08 13:00:46 [main] INFO  DataBaseConfig:23 - Closing DB connection
2021-10-08 13:00:46 [main] INFO  DataBaseConfig:13 - Create DB connection
2021-10-08 13:00:46 [main] INFO  DataBaseConfig:45 - Closing Result Set
2021-10-08 13:00:46 [main] INFO  DataBaseConfig:34 - Closing Prepared Statement
2021-10-08 13:00:46 [main] INFO  DataBaseConfig:23 - Closing DB connection
2021-10-08 13:13:16 [main] INFO  DataBaseTestConfig:14 - Create DB connection
2021-10-08 13:13:20 [main] INFO  DataBaseTestConfig:24 - Closing DB connection
2021-10-08 13:13:20 [main] INFO  DataBaseConfig:13 - Create DB connection
2021-10-08 13:13:20 [main] INFO  DataBaseConfig:45 - Closing Result Set
2021-10-08 13:13:20 [main] INFO  DataBaseConfig:34 - Closing Prepared Statement
2021-10-08 13:13:20 [main] INFO  DataBaseConfig:23 - Closing DB connection
2021-10-08 13:13:20 [main] INFO  DataBaseConfig:13 - Create DB connection
2021-10-08 13:13:20 [main] INFO  DataBaseConfig:45 - Closing Result Set
2021-10-08 13:13:20 [main] INFO  DataBaseConfig:34 - Closing Prepared Statement
2021-10-08 13:13:20 [main] INFO  DataBaseConfig:23 - Closing DB connection
2021-10-08 13:13:20 [main] INFO  DataBaseConfig:13 - Create DB connection
2021-10-08 13:13:20 [main] INFO  DataBaseConfig:45 - Closing Result Set
2021-10-08 13:13:20 [main] INFO  DataBaseConfig:34 - Closing Prepared Statement
2021-10-08 13:13:20 [main] INFO  DataBaseConfig:23 - Closing DB connection
2021-10-08 13:13:20 [main] INFO  DataBaseConfig:13 - Create DB connection
2021-10-08 13:13:20 [main] INFO  DataBaseConfig:45 - Closing Result Set
2021-10-08 13:13:20 [main] INFO  DataBaseConfig:34 - Closing Prepared Statement
2021-10-08 13:13:20 [main] INFO  DataBaseConfig:23 - Closing DB connection
2021-10-08 13:16:14 [main] INFO  DataBaseTestConfig:14 - Create DB connection
2021-10-08 13:16:15 [main] INFO  DataBaseTestConfig:24 - Closing DB connection
2021-10-08 13:16:16 [main] INFO  DataBaseConfig:13 - Create DB connection
2021-10-08 13:16:16 [main] INFO  DataBaseConfig:45 - Closing Result Set
2021-10-08 13:16:16 [main] INFO  DataBaseConfig:34 - Closing Prepared Statement
2021-10-08 13:16:16 [main] INFO  DataBaseConfig:23 - Closing DB connection
2021-10-08 13:16:16 [main] INFO  DataBaseConfig:13 - Create DB connection
2021-10-08 13:16:16 [main] INFO  DataBaseConfig:45 - Closing Result Set
2021-10-08 13:16:16 [main] INFO  DataBaseConfig:34 - Closing Prepared Statement
2021-10-08 13:16:16 [main] INFO  DataBaseConfig:23 - Closing DB connection
2021-10-08 13:16:16 [main] INFO  DataBaseConfig:13 - Create DB connection
2021-10-08 13:16:16 [main] INFO  DataBaseConfig:45 - Closing Result Set
2021-10-08 13:16:16 [main] INFO  DataBaseConfig:34 - Closing Prepared Statement
2021-10-08 13:16:16 [main] INFO  DataBaseConfig:23 - Closing DB connection
2021-10-08 13:16:16 [main] INFO  DataBaseConfig:13 - Create DB connection
2021-10-08 13:16:16 [main] INFO  DataBaseConfig:45 - Closing Result Set
2021-10-08 13:16:16 [main] INFO  DataBaseConfig:34 - Closing Prepared Statement
2021-10-08 13:16:16 [main] INFO  DataBaseConfig:23 - Closing DB connection
2021-10-08 13:23:14 [main] INFO  DataBaseTestConfig:14 - Create DB connection
2021-10-08 13:23:16 [main] INFO  DataBaseTestConfig:24 - Closing DB connection
2021-10-08 13:23:16 [main] INFO  DataBaseConfig:13 - Create DB connection
2021-10-08 13:23:16 [main] INFO  DataBaseConfig:45 - Closing Result Set
2021-10-08 13:23:16 [main] INFO  DataBaseConfig:34 - Closing Prepared Statement
2021-10-08 13:23:16 [main] INFO  DataBaseConfig:23 - Closing DB connection
2021-10-08 13:23:16 [main] INFO  DataBaseConfig:13 - Create DB connection
2021-10-08 13:23:16 [main] INFO  DataBaseConfig:45 - Closing Result Set
2021-10-08 13:23:16 [main] INFO  DataBaseConfig:34 - Closing Prepared Statement
2021-10-08 13:23:16 [main] INFO  DataBaseConfig:23 - Closing DB connection
2021-10-08 13:23:16 [main] INFO  DataBaseConfig:13 - Create DB connection
2021-10-08 13:23:16 [main] INFO  DataBaseConfig:45 - Closing Result Set
2021-10-08 13:23:16 [main] INFO  DataBaseConfig:34 - Closing Prepared Statement
2021-10-08 13:23:16 [main] INFO  DataBaseConfig:23 - Closing DB connection
2021-10-08 13:23:16 [main] INFO  DataBaseConfig:13 - Create DB connection
2021-10-08 13:23:16 [main] INFO  DataBaseConfig:45 - Closing Result Set
2021-10-08 13:23:16 [main] INFO  DataBaseConfig:34 - Closing Prepared Statement
2021-10-08 13:23:16 [main] INFO  DataBaseConfig:23 - Closing DB connection
2021-10-08 13:24:37 [main] INFO  DataBaseTestConfig:14 - Create DB connection
2021-10-08 13:24:39 [main] INFO  DataBaseTestConfig:24 - Closing DB connection
2021-10-08 13:24:39 [main] INFO  DataBaseConfig:13 - Create DB connection
2021-10-08 13:24:39 [main] INFO  DataBaseConfig:45 - Closing Result Set
2021-10-08 13:24:39 [main] INFO  DataBaseConfig:34 - Closing Prepared Statement
2021-10-08 13:24:39 [main] INFO  DataBaseConfig:23 - Closing DB connection
2021-10-08 13:24:39 [main] INFO  DataBaseConfig:13 - Create DB connection
2021-10-08 13:24:39 [main] INFO  DataBaseConfig:45 - Closing Result Set
2021-10-08 13:24:39 [main] INFO  DataBaseConfig:34 - Closing Prepared Statement
2021-10-08 13:24:39 [main] INFO  DataBaseConfig:23 - Closing DB connection
2021-10-08 13:24:39 [main] INFO  DataBaseConfig:13 - Create DB connection
2021-10-08 13:24:39 [main] INFO  DataBaseConfig:45 - Closing Result Set
2021-10-08 13:24:39 [main] INFO  DataBaseConfig:34 - Closing Prepared Statement
2021-10-08 13:24:39 [main] INFO  DataBaseConfig:23 - Closing DB connection
2021-10-08 13:24:39 [main] INFO  DataBaseConfig:13 - Create DB connection
2021-10-08 13:24:39 [main] INFO  DataBaseConfig:45 - Closing Result Set
2021-10-08 13:24:39 [main] INFO  DataBaseConfig:34 - Closing Prepared Statement
2021-10-08 13:24:39 [main] INFO  DataBaseConfig:23 - Closing DB connection
2021-10-08 13:25:00 [main] INFO  DataBaseTestConfig:14 - Create DB connection
2021-10-08 13:25:06 [main] INFO  DataBaseTestConfig:24 - Closing DB connection
2021-10-08 13:25:06 [main] INFO  DataBaseTestConfig:14 - Create DB connection
2021-10-08 13:25:06 [main] INFO  DataBaseTestConfig:46 - Closing Result Set
2021-10-08 13:25:06 [main] INFO  DataBaseTestConfig:35 - Closing Prepared Statement
2021-10-08 13:25:06 [main] INFO  DataBaseTestConfig:24 - Closing DB connection
2021-10-08 13:25:06 [main] INFO  DataBaseTestConfig:14 - Create DB connection
2021-10-08 13:25:06 [main] INFO  DataBaseTestConfig:35 - Closing Prepared Statement
2021-10-08 13:25:06 [main] INFO  DataBaseTestConfig:24 - Closing DB connection
2021-10-08 13:25:06 [main] INFO  DataBaseTestConfig:14 - Create DB connection
2021-10-08 13:25:06 [main] INFO  DataBaseTestConfig:24 - Closing DB connection
2021-10-08 13:25:06 [main] INFO  DataBaseTestConfig:14 - Create DB connection
2021-10-08 13:25:07 [main] INFO  DataBaseTestConfig:46 - Closing Result Set
2021-10-08 13:25:07 [main] INFO  DataBaseTestConfig:35 - Closing Prepared Statement
2021-10-08 13:25:07 [main] INFO  DataBaseTestConfig:24 - Closing DB connection
2021-10-08 13:25:07 [main] INFO  DataBaseTestConfig:14 - Create DB connection
2021-10-08 13:25:07 [main] INFO  DataBaseTestConfig:24 - Closing DB connection
2021-10-08 13:25:07 [main] INFO  DataBaseTestConfig:14 - Create DB connection
2021-10-08 13:25:07 [main] INFO  DataBaseTestConfig:35 - Closing Prepared Statement
2021-10-08 13:25:07 [main] INFO  DataBaseTestConfig:24 - Closing DB connection
2021-10-08 13:25:07 [main] INFO  DataBaseTestConfig:14 - Create DB connection
2021-10-08 13:25:07 [main] INFO  DataBaseTestConfig:46 - Closing Result Set
2021-10-08 13:25:07 [main] INFO  DataBaseTestConfig:35 - Closing Prepared Statement
2021-10-08 13:25:07 [main] INFO  DataBaseTestConfig:24 - Closing DB connection
2021-10-08 13:25:07 [main] INFO  DataBaseTestConfig:14 - Create DB connection
2021-10-08 13:25:07 [main] INFO  DataBaseTestConfig:35 - Closing Prepared Statement
2021-10-08 13:25:07 [main] INFO  DataBaseTestConfig:24 - Closing DB connection
2021-10-08 13:25:07 [main] INFO  DataBaseTestConfig:14 - Create DB connection
2021-10-08 13:25:07 [main] INFO  DataBaseTestConfig:24 - Closing DB connection
2021-10-08 13:25:07 [main] INFO  DataBaseTestConfig:14 - Create DB connection
2021-10-08 13:25:07 [main] INFO  DataBaseTestConfig:46 - Closing Result Set
2021-10-08 13:25:07 [main] INFO  DataBaseTestConfig:35 - Closing Prepared Statement
2021-10-08 13:25:07 [main] INFO  DataBaseTestConfig:24 - Closing DB connection
2021-10-08 13:25:07 [main] INFO  DataBaseTestConfig:14 - Create DB connection
2021-10-08 13:25:08 [main] INFO  DataBaseTestConfig:24 - Closing DB connection
2021-10-08 13:25:08 [main] INFO  DataBaseTestConfig:14 - Create DB connection
2021-10-08 13:25:08 [main] INFO  DataBaseTestConfig:46 - Closing Result Set
2021-10-08 13:25:08 [main] INFO  DataBaseTestConfig:35 - Closing Prepared Statement
2021-10-08 13:25:08 [main] INFO  DataBaseTestConfig:24 - Closing DB connection
2021-10-08 13:25:08 [main] INFO  DataBaseTestConfig:14 - Create DB connection
2021-10-08 13:25:08 [main] INFO  DataBaseTestConfig:46 - Closing Result Set
2021-10-08 13:25:08 [main] INFO  DataBaseTestConfig:35 - Closing Prepared Statement
2021-10-08 13:25:08 [main] INFO  DataBaseTestConfig:24 - Closing DB connection
2021-10-08 13:25:08 [main] INFO  DataBaseTestConfig:14 - Create DB connection
2021-10-08 13:25:08 [main] INFO  DataBaseTestConfig:35 - Closing Prepared Statement
2021-10-08 13:25:08 [main] INFO  DataBaseTestConfig:24 - Closing DB connection
2021-10-08 13:25:08 [main] INFO  DataBaseTestConfig:14 - Create DB connection
2021-10-08 13:25:08 [main] INFO  DataBaseTestConfig:24 - Closing DB connection
2021-10-08 13:25:08 [main] INFO  DataBaseTestConfig:14 - Create DB connection
2021-10-08 13:25:08 [main] INFO  DataBaseTestConfig:46 - Closing Result Set
2021-10-08 13:25:08 [main] INFO  DataBaseTestConfig:35 - Closing Prepared Statement
2021-10-08 13:25:08 [main] INFO  DataBaseTestConfig:24 - Closing DB connection
2021-10-08 13:25:08 [main] INFO  DataBaseTestConfig:14 - Create DB connection
2021-10-08 13:25:09 [main] INFO  DataBaseTestConfig:46 - Closing Result Set
2021-10-08 13:25:09 [main] INFO  DataBaseTestConfig:35 - Closing Prepared Statement
2021-10-08 13:25:09 [main] INFO  DataBaseTestConfig:24 - Closing DB connection
2021-10-08 13:25:09 [main] INFO  DataBaseTestConfig:14 - Create DB connection
2021-10-08 13:25:09 [main] INFO  DataBaseTestConfig:46 - Closing Result Set
2021-10-08 13:25:09 [main] INFO  DataBaseTestConfig:35 - Closing Prepared Statement
2021-10-08 13:25:09 [main] INFO  DataBaseTestConfig:24 - Closing DB connection
2021-10-08 13:25:09 [main] INFO  DataBaseTestConfig:14 - Create DB connection
2021-10-08 13:25:09 [main] INFO  DataBaseTestConfig:24 - Closing DB connection
2021-10-08 13:25:09 [main] INFO  DataBaseTestConfig:14 - Create DB connection
2021-10-08 13:25:09 [main] INFO  DataBaseTestConfig:35 - Closing Prepared Statement
2021-10-08 13:25:09 [main] INFO  DataBaseTestConfig:24 - Closing DB connection
2021-10-08 13:25:09 [main] INFO  DataBaseTestConfig:14 - Create DB connection
2021-10-08 13:25:09 [main] INFO  DataBaseTestConfig:46 - Closing Result Set
2021-10-08 13:25:09 [main] INFO  DataBaseTestConfig:35 - Closing Prepared Statement
2021-10-08 13:25:09 [main] INFO  DataBaseTestConfig:24 - Closing DB connection
2021-10-08 13:25:09 [main] INFO  DataBaseTestConfig:14 - Create DB connection
2021-10-08 13:25:10 [main] INFO  DataBaseTestConfig:24 - Closing DB connection
2021-10-08 13:25:10 [main] INFO  DataBaseTestConfig:14 - Create DB connection
2021-10-08 13:25:10 [main] INFO  DataBaseTestConfig:46 - Closing Result Set
2021-10-08 13:25:10 [main] INFO  DataBaseTestConfig:35 - Closing Prepared Statement
2021-10-08 13:25:10 [main] INFO  DataBaseTestConfig:24 - Closing DB connection
2021-10-08 13:25:10 [main] INFO  DataBaseTestConfig:14 - Create DB connection
2021-10-08 13:25:10 [main] INFO  DataBaseTestConfig:46 - Closing Result Set
2021-10-08 13:25:10 [main] INFO  DataBaseTestConfig:35 - Closing Prepared Statement
2021-10-08 13:25:10 [main] INFO  DataBaseTestConfig:24 - Closing DB connection
2021-10-08 13:25:10 [main] INFO  DataBaseTestConfig:14 - Create DB connection
2021-10-08 13:25:10 [main] INFO  DataBaseTestConfig:35 - Closing Prepared Statement
2021-10-08 13:25:10 [main] INFO  DataBaseTestConfig:24 - Closing DB connection
2021-10-08 13:25:10 [main] INFO  DataBaseTestConfig:14 - Create DB connection
2021-10-08 13:25:10 [main] INFO  DataBaseTestConfig:24 - Closing DB connection
2021-10-08 13:25:10 [main] INFO  DataBaseTestConfig:14 - Create DB connection
2021-10-08 13:25:10 [main] INFO  DataBaseTestConfig:46 - Closing Result Set
2021-10-08 13:25:10 [main] INFO  DataBaseTestConfig:35 - Closing Prepared Statement
2021-10-08 13:25:10 [main] INFO  DataBaseTestConfig:24 - Closing DB connection
2021-10-08 13:25:10 [main] INFO  DataBaseTestConfig:14 - Create DB connection
2021-10-08 13:25:10 [main] INFO  DataBaseTestConfig:46 - Closing Result Set
2021-10-08 13:25:10 [main] INFO  DataBaseTestConfig:35 - Closing Prepared Statement
2021-10-08 13:25:10 [main] INFO  DataBaseTestConfig:24 - Closing DB connection
2021-10-08 13:25:10 [main] INFO  DataBaseTestConfig:14 - Create DB connection
2021-10-08 13:25:10 [main] INFO  DataBaseTestConfig:46 - Closing Result Set
2021-10-08 13:25:10 [main] INFO  DataBaseTestConfig:35 - Closing Prepared Statement
2021-10-08 13:25:10 [main] INFO  DataBaseTestConfig:24 - Closing DB connection
2021-10-08 13:25:10 [main] INFO  DataBaseTestConfig:14 - Create DB connection
2021-10-08 13:25:11 [main] INFO  DataBaseTestConfig:24 - Closing DB connection
2021-10-08 13:25:11 [main] INFO  DataBaseTestConfig:14 - Create DB connection
2021-10-08 13:25:11 [main] INFO  DataBaseTestConfig:35 - Closing Prepared Statement
2021-10-08 13:25:11 [main] INFO  DataBaseTestConfig:24 - Closing DB connection
2021-10-08 13:25:11 [main] INFO  DataBaseTestConfig:14 - Create DB connection
2021-10-08 13:25:11 [main] INFO  DataBaseTestConfig:46 - Closing Result Set
2021-10-08 13:25:11 [main] INFO  DataBaseTestConfig:35 - Closing Prepared Statement
2021-10-08 13:25:11 [main] INFO  DataBaseTestConfig:24 - Closing DB connection
2021-10-08 13:25:11 [main] INFO  DataBaseTestConfig:14 - Create DB connection
2021-10-08 13:25:12 [main] INFO  DataBaseTestConfig:24 - Closing DB connection
2021-10-08 13:25:12 [main] INFO  DataBaseTestConfig:14 - Create DB connection
2021-10-08 13:25:12 [main] INFO  DataBaseTestConfig:46 - Closing Result Set
2021-10-08 13:25:12 [main] INFO  DataBaseTestConfig:35 - Closing Prepared Statement
2021-10-08 13:25:12 [main] INFO  DataBaseTestConfig:24 - Closing DB connection
2021-10-08 13:25:12 [main] INFO  DataBaseTestConfig:14 - Create DB connection
2021-10-08 13:25:12 [main] INFO  DataBaseTestConfig:46 - Closing Result Set
2021-10-08 13:25:12 [main] INFO  DataBaseTestConfig:35 - Closing Prepared Statement
2021-10-08 13:25:12 [main] INFO  DataBaseTestConfig:24 - Closing DB connection
2021-10-08 13:25:12 [main] INFO  DataBaseTestConfig:14 - Create DB connection
2021-10-08 13:25:12 [main] INFO  DataBaseTestConfig:35 - Closing Prepared Statement
2021-10-08 13:25:12 [main] INFO  DataBaseTestConfig:24 - Closing DB connection
2021-10-08 13:25:12 [main] INFO  DataBaseTestConfig:14 - Create DB connection
2021-10-08 13:25:12 [main] INFO  DataBaseTestConfig:24 - Closing DB connection
2021-10-08 13:25:12 [main] INFO  DataBaseTestConfig:14 - Create DB connection
2021-10-08 13:25:12 [main] INFO  DataBaseTestConfig:46 - Closing Result Set
2021-10-08 13:25:12 [main] INFO  DataBaseTestConfig:35 - Closing Prepared Statement
2021-10-08 13:25:12 [main] INFO  DataBaseTestConfig:24 - Closing DB connection
2021-10-08 13:25:12 [main] INFO  DataBaseTestConfig:14 - Create DB connection
2021-10-08 13:25:12 [main] INFO  DataBaseTestConfig:46 - Closing Result Set
2021-10-08 13:25:12 [main] INFO  DataBaseTestConfig:35 - Closing Prepared Statement
2021-10-08 13:25:12 [main] INFO  DataBaseTestConfig:24 - Closing DB connection
2021-10-08 13:25:12 [main] INFO  DataBaseTestConfig:14 - Create DB connection
2021-10-08 13:25:13 [main] INFO  DataBaseTestConfig:24 - Closing DB connection
2021-10-08 13:25:13 [main] INFO  DataBaseTestConfig:14 - Create DB connection
2021-10-08 13:25:14 [main] INFO  DataBaseTestConfig:46 - Closing Result Set
2021-10-08 13:25:14 [main] INFO  DataBaseTestConfig:35 - Closing Prepared Statement
2021-10-08 13:25:14 [main] INFO  DataBaseTestConfig:24 - Closing DB connection
2021-10-08 13:25:14 [main] INFO  DataBaseTestConfig:14 - Create DB connection
2021-10-08 13:25:14 [main] INFO  DataBaseTestConfig:46 - Closing Result Set
2021-10-08 13:25:14 [main] INFO  DataBaseTestConfig:35 - Closing Prepared Statement
2021-10-08 13:25:14 [main] INFO  DataBaseTestConfig:24 - Closing DB connection
2021-10-08 13:25:14 [main] INFO  DataBaseTestConfig:14 - Create DB connection
2021-10-08 13:25:14 [main] INFO  DataBaseTestConfig:35 - Closing Prepared Statement
2021-10-08 13:25:14 [main] INFO  DataBaseTestConfig:24 - Closing DB connection
2021-10-08 13:25:14 [main] INFO  DataBaseTestConfig:14 - Create DB connection
2021-10-08 13:25:14 [main] INFO  DataBaseTestConfig:24 - Closing DB connection
2021-10-08 13:25:14 [main] INFO  DataBaseTestConfig:14 - Create DB connection
2021-10-08 13:25:14 [main] INFO  DataBaseTestConfig:46 - Closing Result Set
2021-10-08 13:25:14 [main] INFO  DataBaseTestConfig:35 - Closing Prepared Statement
2021-10-08 13:25:14 [main] INFO  DataBaseTestConfig:24 - Closing DB connection
2021-10-08 13:25:14 [main] INFO  DataBaseTestConfig:14 - Create DB connection
2021-10-08 13:25:14 [main] INFO  DataBaseTestConfig:46 - Closing Result Set
2021-10-08 13:25:14 [main] INFO  DataBaseTestConfig:35 - Closing Prepared Statement
2021-10-08 13:25:14 [main] INFO  DataBaseTestConfig:24 - Closing DB connection
2021-10-08 13:25:17 [main] INFO  DataBaseTestConfig:14 - Create DB connection
2021-10-08 13:25:19 [main] INFO  DataBaseTestConfig:24 - Closing DB connection
2021-10-08 13:25:19 [main] INFO  DataBaseTestConfig:14 - Create DB connection
2021-10-08 13:25:19 [main] INFO  DataBaseTestConfig:46 - Closing Result Set
2021-10-08 13:25:19 [main] INFO  DataBaseTestConfig:35 - Closing Prepared Statement
2021-10-08 13:25:19 [main] INFO  DataBaseTestConfig:24 - Closing DB connection
2021-10-08 13:25:19 [main] INFO  DataBaseTestConfig:14 - Create DB connection
2021-10-08 13:25:19 [main] INFO  DataBaseTestConfig:35 - Closing Prepared Statement
2021-10-08 13:25:19 [main] INFO  DataBaseTestConfig:24 - Closing DB connection
2021-10-08 13:25:19 [main] INFO  DataBaseTestConfig:14 - Create DB connection
2021-10-08 13:25:19 [main] INFO  DataBaseTestConfig:24 - Closing DB connection
2021-10-08 13:25:19 [main] INFO  DataBaseTestConfig:14 - Create DB connection
2021-10-08 13:25:19 [main] INFO  DataBaseTestConfig:46 - Closing Result Set
2021-10-08 13:25:19 [main] INFO  DataBaseTestConfig:35 - Closing Prepared Statement
2021-10-08 13:25:19 [main] INFO  DataBaseTestConfig:24 - Closing DB connection
2021-10-08 13:25:19 [main] INFO  DataBaseTestConfig:14 - Create DB connection
2021-10-08 13:25:19 [main] INFO  DataBaseTestConfig:24 - Closing DB connection
2021-10-08 13:25:19 [main] INFO  DataBaseTestConfig:14 - Create DB connection
2021-10-08 13:25:19 [main] INFO  DataBaseTestConfig:35 - Closing Prepared Statement
2021-10-08 13:25:19 [main] INFO  DataBaseTestConfig:24 - Closing DB connection
2021-10-08 13:25:19 [main] INFO  DataBaseTestConfig:14 - Create DB connection
2021-10-08 13:25:19 [main] INFO  DataBaseTestConfig:46 - Closing Result Set
2021-10-08 13:25:19 [main] INFO  DataBaseTestConfig:35 - Closing Prepared Statement
2021-10-08 13:25:19 [main] INFO  DataBaseTestConfig:24 - Closing DB connection
2021-10-08 13:25:19 [main] INFO  DataBaseTestConfig:14 - Create DB connection
2021-10-08 13:25:19 [main] INFO  DataBaseTestConfig:35 - Closing Prepared Statement
2021-10-08 13:25:19 [main] INFO  DataBaseTestConfig:24 - Closing DB connection
2021-10-08 13:25:19 [main] INFO  DataBaseTestConfig:14 - Create DB connection
2021-10-08 13:25:20 [main] INFO  DataBaseTestConfig:24 - Closing DB connection
2021-10-08 13:25:20 [main] INFO  DataBaseTestConfig:14 - Create DB connection
2021-10-08 13:25:20 [main] INFO  DataBaseTestConfig:46 - Closing Result Set
2021-10-08 13:25:20 [main] INFO  DataBaseTestConfig:35 - Closing Prepared Statement
2021-10-08 13:25:20 [main] INFO  DataBaseTestConfig:24 - Closing DB connection
2021-10-08 13:25:20 [main] INFO  DataBaseTestConfig:14 - Create DB connection
2021-10-08 13:25:21 [main] INFO  DataBaseTestConfig:24 - Closing DB connection
2021-10-08 13:25:21 [main] INFO  DataBaseTestConfig:14 - Create DB connection
2021-10-08 13:25:21 [main] INFO  DataBaseTestConfig:46 - Closing Result Set
2021-10-08 13:25:21 [main] INFO  DataBaseTestConfig:35 - Closing Prepared Statement
2021-10-08 13:25:21 [main] INFO  DataBaseTestConfig:24 - Closing DB connection
2021-10-08 13:25:21 [main] INFO  DataBaseTestConfig:14 - Create DB connection
2021-10-08 13:25:21 [main] INFO  DataBaseTestConfig:46 - Closing Result Set
2021-10-08 13:25:21 [main] INFO  DataBaseTestConfig:35 - Closing Prepared Statement
2021-10-08 13:25:21 [main] INFO  DataBaseTestConfig:24 - Closing DB connection
2021-10-08 13:25:21 [main] INFO  DataBaseTestConfig:14 - Create DB connection
2021-10-08 13:25:21 [main] INFO  DataBaseTestConfig:35 - Closing Prepared Statement
2021-10-08 13:25:21 [main] INFO  DataBaseTestConfig:24 - Closing DB connection
2021-10-08 13:25:21 [main] INFO  DataBaseTestConfig:14 - Create DB connection
2021-10-08 13:25:21 [main] INFO  DataBaseTestConfig:24 - Closing DB connection
2021-10-08 13:25:21 [main] INFO  DataBaseTestConfig:14 - Create DB connection
2021-10-08 13:25:21 [main] INFO  DataBaseTestConfig:46 - Closing Result Set
2021-10-08 13:25:21 [main] INFO  DataBaseTestConfig:35 - Closing Prepared Statement
2021-10-08 13:25:21 [main] INFO  DataBaseTestConfig:24 - Closing DB connection
2021-10-08 13:25:21 [main] INFO  DataBaseTestConfig:14 - Create DB connection
2021-10-08 13:25:21 [main] INFO  DataBaseTestConfig:46 - Closing Result Set
2021-10-08 13:25:21 [main] INFO  DataBaseTestConfig:35 - Closing Prepared Statement
2021-10-08 13:25:21 [main] INFO  DataBaseTestConfig:24 - Closing DB connection
2021-10-08 13:25:21 [main] INFO  DataBaseTestConfig:14 - Create DB connection
2021-10-08 13:25:21 [main] INFO  DataBaseTestConfig:46 - Closing Result Set
2021-10-08 13:25:21 [main] INFO  DataBaseTestConfig:35 - Closing Prepared Statement
2021-10-08 13:25:21 [main] INFO  DataBaseTestConfig:24 - Closing DB connection
2021-10-08 13:25:21 [main] INFO  DataBaseTestConfig:14 - Create DB connection
2021-10-08 13:25:21 [main] INFO  DataBaseTestConfig:24 - Closing DB connection
2021-10-08 13:25:21 [main] INFO  DataBaseTestConfig:14 - Create DB connection
2021-10-08 13:25:21 [main] INFO  DataBaseTestConfig:35 - Closing Prepared Statement
2021-10-08 13:25:21 [main] INFO  DataBaseTestConfig:24 - Closing DB connection
2021-10-08 13:25:21 [main] INFO  DataBaseTestConfig:14 - Create DB connection
2021-10-08 13:25:21 [main] INFO  DataBaseTestConfig:46 - Closing Result Set
2021-10-08 13:25:21 [main] INFO  DataBaseTestConfig:35 - Closing Prepared Statement
2021-10-08 13:25:21 [main] INFO  DataBaseTestConfig:24 - Closing DB connection
2021-10-08 13:25:21 [main] INFO  DataBaseTestConfig:14 - Create DB connection
2021-10-08 13:25:22 [main] INFO  DataBaseTestConfig:24 - Closing DB connection
2021-10-08 13:25:22 [main] INFO  DataBaseTestConfig:14 - Create DB connection
2021-10-08 13:25:22 [main] INFO  DataBaseTestConfig:46 - Closing Result Set
2021-10-08 13:25:22 [main] INFO  DataBaseTestConfig:35 - Closing Prepared Statement
2021-10-08 13:25:22 [main] INFO  DataBaseTestConfig:24 - Closing DB connection
2021-10-08 13:25:22 [main] INFO  DataBaseTestConfig:14 - Create DB connection
2021-10-08 13:25:22 [main] INFO  DataBaseTestConfig:46 - Closing Result Set
2021-10-08 13:25:22 [main] INFO  DataBaseTestConfig:35 - Closing Prepared Statement
2021-10-08 13:25:22 [main] INFO  DataBaseTestConfig:24 - Closing DB connection
2021-10-08 13:25:22 [main] INFO  DataBaseTestConfig:14 - Create DB connection
2021-10-08 13:25:22 [main] INFO  DataBaseTestConfig:35 - Closing Prepared Statement
2021-10-08 13:25:22 [main] INFO  DataBaseTestConfig:24 - Closing DB connection
2021-10-08 13:25:22 [main] INFO  DataBaseTestConfig:14 - Create DB connection
2021-10-08 13:25:22 [main] INFO  DataBaseTestConfig:24 - Closing DB connection
2021-10-08 13:25:22 [main] INFO  DataBaseTestConfig:14 - Create DB connection
2021-10-08 13:25:22 [main] INFO  DataBaseTestConfig:46 - Closing Result Set
2021-10-08 13:25:22 [main] INFO  DataBaseTestConfig:35 - Closing Prepared Statement
2021-10-08 13:25:22 [main] INFO  DataBaseTestConfig:24 - Closing DB connection
2021-10-08 13:25:22 [main] INFO  DataBaseTestConfig:14 - Create DB connection
2021-10-08 13:25:22 [main] INFO  DataBaseTestConfig:46 - Closing Result Set
2021-10-08 13:25:22 [main] INFO  DataBaseTestConfig:35 - Closing Prepared Statement
2021-10-08 13:25:22 [main] INFO  DataBaseTestConfig:24 - Closing DB connection
2021-10-08 13:25:22 [main] INFO  DataBaseTestConfig:14 - Create DB connection
2021-10-08 13:25:23 [main] INFO  DataBaseTestConfig:46 - Closing Result Set
2021-10-08 13:25:23 [main] INFO  DataBaseTestConfig:35 - Closing Prepared Statement
2021-10-08 13:25:23 [main] INFO  DataBaseTestConfig:24 - Closing DB connection
2021-10-08 13:25:23 [main] INFO  DataBaseTestConfig:14 - Create DB connection
2021-10-08 13:25:23 [main] INFO  DataBaseTestConfig:24 - Closing DB connection
2021-10-08 13:25:23 [main] INFO  DataBaseTestConfig:14 - Create DB connection
2021-10-08 13:25:23 [main] INFO  DataBaseTestConfig:35 - Closing Prepared Statement
2021-10-08 13:25:23 [main] INFO  DataBaseTestConfig:24 - Closing DB connection
2021-10-08 13:25:23 [main] INFO  DataBaseTestConfig:14 - Create DB connection
2021-10-08 13:25:23 [main] INFO  DataBaseTestConfig:46 - Closing Result Set
2021-10-08 13:25:23 [main] INFO  DataBaseTestConfig:35 - Closing Prepared Statement
2021-10-08 13:25:23 [main] INFO  DataBaseTestConfig:24 - Closing DB connection
2021-10-08 13:25:23 [main] INFO  DataBaseTestConfig:14 - Create DB connection
2021-10-08 13:25:24 [main] INFO  DataBaseTestConfig:24 - Closing DB connection
2021-10-08 13:25:24 [main] INFO  DataBaseTestConfig:14 - Create DB connection
2021-10-08 13:25:24 [main] INFO  DataBaseTestConfig:46 - Closing Result Set
2021-10-08 13:25:24 [main] INFO  DataBaseTestConfig:35 - Closing Prepared Statement
2021-10-08 13:25:24 [main] INFO  DataBaseTestConfig:24 - Closing DB connection
2021-10-08 13:25:24 [main] INFO  DataBaseTestConfig:14 - Create DB connection
2021-10-08 13:25:24 [main] INFO  DataBaseTestConfig:46 - Closing Result Set
2021-10-08 13:25:24 [main] INFO  DataBaseTestConfig:35 - Closing Prepared Statement
2021-10-08 13:25:24 [main] INFO  DataBaseTestConfig:24 - Closing DB connection
2021-10-08 13:25:24 [main] INFO  DataBaseTestConfig:14 - Create DB connection
2021-10-08 13:25:24 [main] INFO  DataBaseTestConfig:35 - Closing Prepared Statement
2021-10-08 13:25:24 [main] INFO  DataBaseTestConfig:24 - Closing DB connection
2021-10-08 13:25:24 [main] INFO  DataBaseTestConfig:14 - Create DB connection
2021-10-08 13:25:24 [main] INFO  DataBaseTestConfig:24 - Closing DB connection
2021-10-08 13:25:24 [main] INFO  DataBaseTestConfig:14 - Create DB connection
2021-10-08 13:25:24 [main] INFO  DataBaseTestConfig:46 - Closing Result Set
2021-10-08 13:25:24 [main] INFO  DataBaseTestConfig:35 - Closing Prepared Statement
2021-10-08 13:25:24 [main] INFO  DataBaseTestConfig:24 - Closing DB connection
2021-10-08 13:25:24 [main] INFO  DataBaseTestConfig:14 - Create DB connection
2021-10-08 13:25:24 [main] INFO  DataBaseTestConfig:46 - Closing Result Set
2021-10-08 13:25:24 [main] INFO  DataBaseTestConfig:35 - Closing Prepared Statement
2021-10-08 13:25:24 [main] INFO  DataBaseTestConfig:24 - Closing DB connection
2021-10-08 13:25:24 [main] INFO  DataBaseTestConfig:14 - Create DB connection
2021-10-08 13:25:25 [main] INFO  DataBaseTestConfig:24 - Closing DB connection
2021-10-08 13:25:25 [main] INFO  DataBaseTestConfig:14 - Create DB connection
2021-10-08 13:25:25 [main] INFO  DataBaseTestConfig:46 - Closing Result Set
2021-10-08 13:25:25 [main] INFO  DataBaseTestConfig:35 - Closing Prepared Statement
2021-10-08 13:25:25 [main] INFO  DataBaseTestConfig:24 - Closing DB connection
2021-10-08 13:25:25 [main] INFO  DataBaseTestConfig:14 - Create DB connection
2021-10-08 13:25:25 [main] INFO  DataBaseTestConfig:46 - Closing Result Set
2021-10-08 13:25:25 [main] INFO  DataBaseTestConfig:35 - Closing Prepared Statement
2021-10-08 13:25:25 [main] INFO  DataBaseTestConfig:24 - Closing DB connection
2021-10-08 13:25:25 [main] INFO  DataBaseTestConfig:14 - Create DB connection
2021-10-08 13:25:25 [main] INFO  DataBaseTestConfig:35 - Closing Prepared Statement
2021-10-08 13:25:25 [main] INFO  DataBaseTestConfig:24 - Closing DB connection
2021-10-08 13:25:25 [main] INFO  DataBaseTestConfig:14 - Create DB connection
2021-10-08 13:25:25 [main] INFO  DataBaseTestConfig:24 - Closing DB connection
2021-10-08 13:25:25 [main] INFO  DataBaseTestConfig:14 - Create DB connection
2021-10-08 13:25:25 [main] INFO  DataBaseTestConfig:46 - Closing Result Set
2021-10-08 13:25:25 [main] INFO  DataBaseTestConfig:35 - Closing Prepared Statement
2021-10-08 13:25:25 [main] INFO  DataBaseTestConfig:24 - Closing DB connection
2021-10-08 13:25:25 [main] INFO  DataBaseTestConfig:14 - Create DB connection
2021-10-08 13:25:25 [main] INFO  DataBaseTestConfig:46 - Closing Result Set
2021-10-08 13:25:25 [main] INFO  DataBaseTestConfig:35 - Closing Prepared Statement
2021-10-08 13:25:25 [main] INFO  DataBaseTestConfig:24 - Closing DB connection
2021-10-08 13:26:21 [main] INFO  DataBaseTestConfig:14 - Create DB connection
2021-10-08 13:26:23 [main] INFO  DataBaseTestConfig:24 - Closing DB connection
2021-10-08 13:26:23 [main] INFO  DataBaseConfig:13 - Create DB connection
2021-10-08 13:26:23 [main] INFO  DataBaseConfig:45 - Closing Result Set
2021-10-08 13:26:23 [main] INFO  DataBaseConfig:34 - Closing Prepared Statement
2021-10-08 13:26:23 [main] INFO  DataBaseConfig:23 - Closing DB connection
2021-10-08 13:26:23 [main] INFO  DataBaseConfig:13 - Create DB connection
2021-10-08 13:26:23 [main] INFO  DataBaseConfig:45 - Closing Result Set
2021-10-08 13:26:23 [main] INFO  DataBaseConfig:34 - Closing Prepared Statement
2021-10-08 13:26:23 [main] INFO  DataBaseConfig:23 - Closing DB connection
2021-10-08 13:26:23 [main] INFO  DataBaseConfig:13 - Create DB connection
2021-10-08 13:26:23 [main] INFO  DataBaseConfig:45 - Closing Result Set
2021-10-08 13:26:23 [main] INFO  DataBaseConfig:34 - Closing Prepared Statement
2021-10-08 13:26:23 [main] INFO  DataBaseConfig:23 - Closing DB connection
2021-10-08 13:26:23 [main] INFO  DataBaseConfig:13 - Create DB connection
2021-10-08 13:26:23 [main] INFO  DataBaseConfig:45 - Closing Result Set
2021-10-08 13:26:23 [main] INFO  DataBaseConfig:34 - Closing Prepared Statement
2021-10-08 13:26:23 [main] INFO  DataBaseConfig:23 - Closing DB connection
2021-10-08 13:30:13 [main] INFO  DataBaseTestConfig:14 - Create DB connection
2021-10-08 13:30:15 [main] INFO  DataBaseTestConfig:24 - Closing DB connection
2021-10-08 13:30:15 [main] INFO  DataBaseConfig:13 - Create DB connection
2021-10-08 13:30:15 [main] INFO  DataBaseConfig:45 - Closing Result Set
2021-10-08 13:30:15 [main] INFO  DataBaseConfig:34 - Closing Prepared Statement
2021-10-08 13:30:15 [main] INFO  DataBaseConfig:23 - Closing DB connection
2021-10-08 13:30:15 [main] INFO  DataBaseConfig:13 - Create DB connection
2021-10-08 13:30:15 [main] INFO  DataBaseConfig:45 - Closing Result Set
2021-10-08 13:30:15 [main] INFO  DataBaseConfig:34 - Closing Prepared Statement
2021-10-08 13:30:15 [main] INFO  DataBaseConfig:23 - Closing DB connection
2021-10-08 13:30:15 [main] INFO  DataBaseConfig:13 - Create DB connection
2021-10-08 13:30:15 [main] INFO  DataBaseConfig:45 - Closing Result Set
2021-10-08 13:30:15 [main] INFO  DataBaseConfig:34 - Closing Prepared Statement
2021-10-08 13:30:15 [main] INFO  DataBaseConfig:23 - Closing DB connection
2021-10-08 13:30:15 [main] INFO  DataBaseConfig:13 - Create DB connection
2021-10-08 13:30:15 [main] INFO  DataBaseConfig:45 - Closing Result Set
2021-10-08 13:30:15 [main] INFO  DataBaseConfig:34 - Closing Prepared Statement
2021-10-08 13:30:15 [main] INFO  DataBaseConfig:23 - Closing DB connection
2021-10-08 13:32:33 [main] INFO  DataBaseTestConfig:14 - Create DB connection
2021-10-08 13:32:35 [main] INFO  DataBaseTestConfig:24 - Closing DB connection
2021-10-08 13:32:36 [main] INFO  DataBaseConfig:13 - Create DB connection
2021-10-08 13:32:36 [main] INFO  DataBaseConfig:45 - Closing Result Set
2021-10-08 13:32:36 [main] INFO  DataBaseConfig:34 - Closing Prepared Statement
2021-10-08 13:32:36 [main] INFO  DataBaseConfig:23 - Closing DB connection
2021-10-08 13:32:36 [main] INFO  DataBaseConfig:13 - Create DB connection
2021-10-08 13:32:36 [main] INFO  DataBaseConfig:45 - Closing Result Set
2021-10-08 13:32:36 [main] INFO  DataBaseConfig:34 - Closing Prepared Statement
2021-10-08 13:32:36 [main] INFO  DataBaseConfig:23 - Closing DB connection
2021-10-08 13:32:36 [main] INFO  DataBaseConfig:13 - Create DB connection
2021-10-08 13:32:36 [main] INFO  DataBaseConfig:45 - Closing Result Set
2021-10-08 13:32:36 [main] INFO  DataBaseConfig:34 - Closing Prepared Statement
2021-10-08 13:32:36 [main] INFO  DataBaseConfig:23 - Closing DB connection
2021-10-08 13:32:36 [main] INFO  DataBaseConfig:13 - Create DB connection
2021-10-08 13:32:36 [main] INFO  DataBaseConfig:45 - Closing Result Set
2021-10-08 13:32:36 [main] INFO  DataBaseConfig:34 - Closing Prepared Statement
2021-10-08 13:32:36 [main] INFO  DataBaseConfig:23 - Closing DB connection
